2026-04-05 17:57:57,403 [INFO] Fetching headlines from NewsAPI...
2026-04-05 17:57:59,192 [INFO] Fetched 97 articles successfully
2026-04-05 17:57:59,232 [INFO] Running FinBERT sentiment analysis...
2026-04-05 17:58:00,428 [INFO] HTTP Request: HEAD https://huggingface.co/ProsusAI/finbert/resolve/main/config.json "HTTP/1.1 307 Temporary Redirect"
2026-04-05 17:58:00,440 [WARNING] Warning: You are sending unauthenticated requests to the HF Hub. Please set a HF_TOKEN to enable higher rate limits and faster downloads.
2026-04-05 17:58:00,535 [INFO] HTTP Request: HEAD https://huggingface.co/api/resolve-cache/models/ProsusAI/finbert/4556d13015211d73dccd3fdd39d39232506f3e43/config.json "HTTP/1.1 200 OK"
2026-04-05 17:58:02,032 [INFO] HTTP Request: HEAD https://huggingface.co/ProsusAI/finbert/resolve/main/model.safetensors "HTTP/1.1 404 Not Found"
2026-04-05 17:58:02,695 [INFO] HTTP Request: GET https://huggingface.co/api/models/ProsusAI/finbert "HTTP/1.1 200 OK"
2026-04-05 17:58:03,322 [INFO] HTTP Request: GET https://huggingface.co/api/models/ProsusAI/finbert/commits/main "HTTP/1.1 200 OK"
2026-04-05 17:58:03,963 [INFO] HTTP Request: GET https://huggingface.co/api/models/ProsusAI/finbert/discussions?p=0 "HTTP/1.1 200 OK"
2026-04-05 17:58:04,603 [INFO] HTTP Request: GET https://huggingface.co/api/models/ProsusAI/finbert/commits/refs%2Fpr%2F29 "HTTP/1.1 200 OK"
2026-04-05 17:58:05,255 [INFO] HTTP Request: HEAD https://huggingface.co/ProsusAI/finbert/resolve/refs%2Fpr%2F29/model.safetensors.index.json "HTTP/1.1 404 Not Found"
2026-04-05 17:58:08,445 [INFO] HTTP Request: HEAD https://huggingface.co/ProsusAI/finbert/resolve/refs%2Fpr%2F29/model.safetensors "HTTP/1.1 302 Found"
2026-04-05 17:59:50,813 [INFO] HTTP Request: GET https://huggingface.co/api/models/ProsusAI/finbert/tree/main/additional_chat_templates?recursive=false&expand=false "HTTP/1.1 404 Not Found"
2026-04-05 17:59:52,069 [INFO] HTTP Request: GET https://huggingface.co/api/models/ProsusAI/finbert/tree/main?recursive=true&expand=false "HTTP/1.1 200 OK"
2026-04-05 18:00:26,763 [INFO] Sentiment: neutral (82.21%) - Wall Street Is Already Betting on Prediction Markets...
2026-04-05 18:00:26,940 [INFO] Sentiment: negative (95.9%) - 'Big Short' investor Michael Burry warns stocks are long ove...
2026-04-05 18:00:26,943 [INFO] Sentiment: neutral (84.84%) - How Is Kalshi Not Gambling?...
2026-04-05 18:00:26,951 [INFO] Sentiment: neutral (82.37%) - Worried about a shaky stock market? This is what financial a...
2026-04-05 18:00:26,962 [INFO] Sentiment: negative (49.5%) - Bank of America drops shock message on the stock market...
